<?xml version="1.0" encoding="UTF-8" ?>
<testsuites errors="1"
            failures="1"
            tests="1">

  <testsuite name="e-storeTests"
    errors="1" failures="1" hostname="" id="" package="e-storeTests" skipped="1"
    tests="1" time="6.319" timestamp="">
  
    <testcase name="Test Case-1: Should be able to buy products " classname="e-storeTests" time="6.319" assertions="3">

    

      <failure message="Testing if element &lt;Element [name=@productSelector]&gt; contains text &#39;PRODUCTS&#39; in 5000ms - expected &#34;contains text &#39;PRODUCTS&#39;&#34; but got: &#34;element could not be located&#34; (5211ms)">    at Page.successUserLogin (c:\Project\TaskX\page-objects\saucedemo.js:37:17)
    at Object.Test Case-1: Should be able to buy products  (c:\Project\TaskX\tests\e-storeTests.js:21:10)</failure>

    
    <error message="Error while running &#34;containsText&#34; command: Testing if element [0;33m&lt;Element [name=@productSelector]&gt;[0m contains text [0;33m&#39;PRODUCTS&#39;[0m in 5000ms - expected [0;32m&#34;contains text &#39;PRODUCTS&#39;&#34;[0m but got: [0;31m&#34;element could not be located&#34;[0m [0;90m(5211ms)[0m" type="error"><![CDATA[
        at Page.successUserLogin (c:\Project\TaskX\page-objects\saucedemo.js:37:17)
    at Object.Test Case-1: Should be able to buy products  (c:\Project\TaskX\tests\e-storeTests.js:21:10)
    ]]></error>
    
    </testcase>
  

  
    <system-err>
        NoSuchElementError: An error occurred while running .getText() command on &lt;Element [name=@productSelector]&gt;: 
   {&#34;sessionId&#34;:&#34;25ae57adebef9e69f0e3f7f3e30c9e32&#34;,&#34;status&#34;:0,&#34;value&#34;:[]}
       at processTicksAndRejections (internal/process/task_queues.js:95:5)
    </system-err>
  

    

  
    
    <testcase
      name="Test Case-2: Should be able to buy one or more products " classname="e-storeTests">
      <skipped />
    </testcase>
    
  
  </testsuite>
</testsuites>
